<?xml version="1.0" encoding="UTF-8"?>
<beans xmlns="http://www.springframework.org/schema/beans"
       xmlns:xsi="http://www.w3.org/2001/XMLSchema-instance"
       xsi:schemaLocation="http://www.springframework.org/schema/beans http://www.springframework.org/schema/beans/spring-beans.xsd">

    <!--    <bean id="connectionMaker" class="com.example.objectAndDI.user.dao.DConnectionMaker" />-->
    <bean id="dataSource" class="org.springframework.jdbc.datasource.SimpleDriverDataSource">
        <property name="driverClass" value="com.mysql.jdbc.Driver"/>
        <property name="url" value="jdbc:mysql://localhost/testdb"/>
        <property name="username" value="root"/>
        <property name="password" value="1234"/>
    </bean>
<!--    <bean id="userDao" class="com.example.test.UserDao">-->
<!--        <property name="dataSource" ref="dataSource"/>-->
<!--    </bean>-->

<!--    <bean id="userDao" class="com.example.exception.UserDaoJdbc">-->
<!--        <property name="dataSource" ref="dataSource"/>-->
<!--    </bean>-->

    <bean id="userDao" class="com.example.aop.UserDaoJdbc">
        <property name="dataSource" ref="dataSource"/>
    </bean>

<!--    <bean id="userService" class="com.example.aop.UserServiceTx">-->
<!--        <property name="transactionManager" ref="transactionManager"/>-->
<!--        <property name="userService" ref="userServiceImpl"/>-->
<!--    </bean>-->

    <bean id="userServiceImpl" class="com.example.aop.UserServiceImpl">
        <property name="userDao" ref="userDao"/>
<!--        <property name="transactionManager" ref="transactionManager"/>-->
        <property name="mailSender" ref="mailSender"/>
    </bean>

    <bean id="transactionManager" class="org.springframework.jdbc.datasource.DataSourceTransactionManager">
        <property name="dataSource" ref="dataSource"/>
    </bean>

    <bean id="mailSender" class="com.example.aop.DummyMailSender">
<!--        <property name="host" value="mail.server.host"/>-->
    </bean>

    <bean id="message" class="com.example.aop.MessageFactoryBean">
        <property name="text" value="Factory Bean"/>
    </bean>

    <bean id="userService" class="com.example.aop.TxProxyFactoryBean">
        <property name="target" ref="userServiceImpl"/>
        <property name="transactionManager" ref="transactionManager"/>
        <property name="pattern" value="upgradeLevels"/>
        <property name="serviceInterface" value="com.example.aop.UserService"/>
    </bean>
</beans>