<?xml version="1.0" encoding="UTF-8"?>
<beans xmlns="http://www.springframework.org/schema/beans"
       xmlns:xsi="http://www.w3.org/2001/XMLSchema-instance"
       xsi:schemaLocation="http://www.springframework.org/schema/beans http://www.springframework.org/schema/beans/spring-beans.xsd">

    <!--    <bean id="connectionMaker" class="com.example.objectAndDI.user.dao.DConnectionMaker" />-->
    <bean id="dataSource" class="org.springframework.jdbc.datasource.SimpleDriverDataSource">
        <property name="driverClass" value="com.mysql.jdbc.Driver"/>
        <property name="url" value="jdbc:mysql://localhost/testdb"/>
        <property name="username" value="root"/>
        <property name="password" value="1234"/>
    </bean>
<!--    <bean id="userDao" class="com.example.test.UserDao">-->
<!--        <property name="dataSource" ref="dataSource"/>-->
<!--    </bean>-->

<!--    <bean id="userDao" class="com.example.exception.UserDaoJdbc">-->
<!--        <property name="dataSource" ref="dataSource"/>-->
<!--    </bean>-->

    <bean id="userDao" class="com.example.serviceabstraction.UserDaoJdbc">
        <property name="dataSource" ref="dataSource"/>
    </bean>

    <bean id="userService" class="com.example.serviceabstraction.UserService">
        <property name="userDao" ref="userDao"/>
    </bean>
</beans>