<?xml version="1.0" encoding="UTF-8"?>
<testsuite name="memory.MemoryFinderTest" tests="1" skipped="0" failures="0" errors="0" timestamp="2023-03-02T05:14:10" hostname="WJDGHKS95" time="0.081">
  <properties/>
  <testcase name="get()" classname="memory.MemoryFinderTest" time="0.081"/>
  <system-out><![CDATA[]]></system-out>
  <system-err><![CDATA[]]></system-err>
</testsuite>
