<?xml version="1.0" encoding="UTF-8"?>
<testsuite name="DollarCalculatorTest" tests="3" skipped="0" failures="0" errors="0" timestamp="2022-05-11T11:58:56" hostname="DESKTOP-0KQ7LPC" time="0.844">
  <properties/>
  <testcase name="dollarTest()" classname="DollarCalculatorTest" time="0.817"/>
  <testcase name="testHello()" classname="DollarCalculatorTest" time="0.007"/>
  <testcase name="mockTest()" classname="DollarCalculatorTest" time="0.016"/>
  <system-out><![CDATA[hello
60000
]]></system-out>
  <system-err><![CDATA[]]></system-err>
</testsuite>
